# JRE version: OpenJDK Runtime Environment Temurin-17.0.3+7 (17.0.3+7) (build 17.0.3+7)
# Java VM: OpenJDK 64-Bit Server VM Temurin-17.0.3+7 (17.0.3+7, mixed mode, emulated-client, tiered, compressed oops, compressed class ptrs, g1 gc, windows-amd64)
GC Precious Log:
 CPUs: 16 total, 16 available
 Memory: 16158M
 Large Page Support: Disabled
 NUMA Support: Disabled
 Compressed Oops: Enabled (Zero based)
 Heap Region Size: 2M
 Heap Min Capacity: 8M
 Heap Initial Capacity: 254M
 Heap Max Capacity: 4040M
 Pre-touch: Disabled
 Parallel Workers: 13
 Concurrent Workers: 3
 Concurrent Refinement Workers: 13
 Periodic GC: Disabled
Heap:
 garbage-first heap   total 423936K, used 259168K [0x0000000703800000, 0x0000000800000000)
  region size 2048K, 68 young (139264K), 5 survivors (10240K)
 Metaspace       used 99166K, committed 99904K, reserved 1138688K
  class space    used 13768K, committed 14144K, reserved 1048576K
GC Heap History (20 events):
Event: 6.434 GC heap before
{Heap before GC invocations=26 (full 0):
 garbage-first heap   total 178176K, used 148309K [0x0000000703800000, 0x0000000800000000)
  region size 2048K, 52 young (106496K), 2 survivors (4096K)
 Metaspace       used 82837K, committed 83456K, reserved 1122304K
  class space    used 11405K, committed 11712K, reserved 1048576K
}
Event: 6.437 GC heap after
{Heap after GC invocations=27 (full 0):
 garbage-first heap   total 178176K, used 46936K [0x0000000703800000, 0x0000000800000000)
  region size 2048K, 3 young (6144K), 3 survivors (6144K)
 Metaspace       used 82837K, committed 83456K, reserved 1122304K
  class space    used 11405K, committed 11712K, reserved 1048576K
}
Event: 6.604 GC heap before
{Heap before GC invocations=27 (full 0):
 garbage-first heap   total 178176K, used 147288K [0x0000000703800000, 0x0000000800000000)
  region size 2048K, 52 young (106496K), 3 survivors (6144K)
 Metaspace       used 82871K, committed 83520K, reserved 1122304K
  class space    used 11414K, committed 11712K, reserved 1048576K
}
Event: 6.610 GC heap after
{Heap after GC invocations=28 (full 0):
 garbage-first heap   total 178176K, used 55845K [0x0000000703800000, 0x0000000800000000)
  region size 2048K, 7 young (14336K), 7 survivors (14336K)
 Metaspace       used 82871K, committed 83520K, reserved 1122304K
  class space    used 11414K, committed 11712K, reserved 1048576K
}
Event: 6.761 GC heap before
{Heap before GC invocations=28 (full 0):
 garbage-first heap   total 178176K, used 143909K [0x0000000703800000, 0x0000000800000000)
  region size 2048K, 49 young (100352K), 7 survivors (14336K)
 Metaspace       used 82871K, committed 83520K, reserved 1122304K
  class space    used 11414K, committed 11712K, reserved 1048576K
}
Event: 6.781 GC heap after
{Heap after GC invocations=29 (full 0):
 garbage-first heap   total 190464K, used 87966K [0x0000000703800000, 0x0000000800000000)
  region size 2048K, 7 young (14336K), 7 survivors (14336K)
 Metaspace       used 82871K, committed 83520K, reserved 1122304K
  class space    used 11414K, committed 11712K, reserved 1048576K
}
Event: 6.877 GC heap before
{Heap before GC invocations=29 (full 0):
 garbage-first heap   total 190464K, used 141214K [0x0000000703800000, 0x0000000800000000)
  region size 2048K, 33 young (67584K), 7 survivors (14336K)
 Metaspace       used 82872K, committed 83520K, reserved 1122304K
  class space    used 11414K, committed 11712K, reserved 1048576K
}
Event: 6.891 GC heap after
{Heap after GC invocations=30 (full 0):
 garbage-first heap   total 284672K, used 106952K [0x0000000703800000, 0x0000000800000000)
  region size 2048K, 5 young (10240K), 5 survivors (10240K)
 Metaspace       used 82872K, committed 83520K, reserved 1122304K
  class space    used 11414K, committed 11712K, reserved 1048576K
}
Event: 7.183 GC heap before
{Heap before GC invocations=30 (full 0):
 garbage-first heap   total 284672K, used 192968K [0x0000000703800000, 0x0000000800000000)
  region size 2048K, 47 young (96256K), 5 survivors (10240K)
 Metaspace       used 83090K, committed 83648K, reserved 1122304K
  class space    used 11446K, committed 11712K, reserved 1048576K
}
Event: 7.195 GC heap after
{Heap after GC invocations=31 (full 0):
 garbage-first heap   total 284672K, used 120589K [0x0000000703800000, 0x0000000800000000)
  region size 2048K, 6 young (12288K), 6 survivors (12288K)
 Metaspace       used 83090K, committed 83648K, reserved 1122304K
  class space    used 11446K, committed 11712K, reserved 1048576K
}
Event: 7.430 GC heap before
{Heap before GC invocations=31 (full 0):
 garbage-first heap   total 284672K, used 202509K [0x0000000703800000, 0x0000000800000000)
  region size 2048K, 46 young (94208K), 6 survivors (12288K)
 Metaspace       used 83375K, committed 83968K, reserved 1122304K
  class space    used 11482K, committed 11776K, reserved 1048576K
}
Event: 7.435 GC heap after
{Heap after GC invocations=32 (full 0):
 garbage-first heap   total 284672K, used 123541K [0x0000000703800000, 0x0000000800000000)
  region size 2048K, 2 young (4096K), 2 survivors (4096K)
 Metaspace       used 83375K, committed 83968K, reserved 1122304K
  class space    used 11482K, committed 11776K, reserved 1048576K
}
Event: 7.772 GC heap before
{Heap before GC invocations=32 (full 0):
 garbage-first heap   total 284672K, used 209557K [0x0000000703800000, 0x0000000800000000)
  region size 2048K, 44 young (90112K), 2 survivors (4096K)
 Metaspace       used 83798K, committed 84480K, reserved 1122304K
  class space    used 11525K, committed 11840K, reserved 1048576K
}
Event: 7.775 GC heap after
{Heap after GC invocations=33 (full 0):
 garbage-first heap   total 284672K, used 124583K [0x0000000703800000, 0x0000000800000000)
  region size 2048K, 2 young (4096K), 2 survivors (4096K)
 Metaspace       used 83798K, committed 84480K, reserved 1122304K
  class space    used 11525K, committed 11840K, reserved 1048576K
}
Event: 8.121 GC heap before
{Heap before GC invocations=33 (full 0):
 garbage-first heap   total 284672K, used 216743K [0x0000000703800000, 0x0000000800000000)
  region size 2048K, 47 young (96256K), 2 survivors (4096K)
 Metaspace       used 86133K, committed 86784K, reserved 1130496K
  class space    used 11855K, committed 12160K, reserved 1048576K
}
Event: 8.124 GC heap after
{Heap after GC invocations=34 (full 0):
 garbage-first heap   total 284672K, used 127078K [0x0000000703800000, 0x0000000800000000)
  region size 2048K, 4 young (8192K), 4 survivors (8192K)
 Metaspace       used 86133K, committed 86784K, reserved 1130496K
  class space    used 11855K, committed 12160K, reserved 1048576K
}
Event: 8.551 GC heap before
{Heap before GC invocations=34 (full 0):
 garbage-first heap   total 284672K, used 221286K [0x0000000703800000, 0x0000000800000000)
  region size 2048K, 50 young (102400K), 4 survivors (8192K)
 Metaspace       used 88211K, committed 88896K, reserved 1130496K
  class space    used 12190K, committed 12544K, reserved 1048576K
}
Event: 8.556 GC heap after
{Heap after GC invocations=35 (full 0):
 garbage-first heap   total 284672K, used 130202K [0x0000000703800000, 0x0000000800000000)
  region size 2048K, 5 young (10240K), 5 survivors (10240K)
 Metaspace       used 88211K, committed 88896K, reserved 1130496K
  class space    used 12190K, committed 12544K, reserved 1048576K
}
Event: 8.944 GC heap before
{Heap before GC invocations=35 (full 0):
 garbage-first heap   total 284672K, used 226458K [0x0000000703800000, 0x0000000800000000)
  region size 2048K, 52 young (106496K), 5 survivors (10240K)
 Metaspace       used 90900K, committed 91648K, reserved 1130496K
  class space    used 12582K, committed 12928K, reserved 1048576K
}
Event: 8.951 GC heap after
{Heap after GC invocations=36 (full 0):
 garbage-first heap   total 423936K, used 134240K [0x0000000703800000, 0x0000000800000000)
  region size 2048K, 5 young (10240K), 5 survivors (10240K)
 Metaspace       used 90900K, committed 91648K, reserved 1130496K
  class space    used 12582K, committed 12928K, reserved 1048576K
}

